********************************************************************************
DUPLICATOR-LITE PACKAGE-LOG: 2017-02-25 04:29:50
NOTICE: Do NOT post to public sites or forums 
********************************************************************************
VERSION:	1.1.30
WORDPRESS:	4.4.7
PHP INFO:	5.6.4-4ubuntu6.3 | SAPI: apache2handler
SERVER:		Apache/2.4.10 (Ubuntu) 
PHP TIME LIMIT: (0) no time limit imposed 
PHP MAX MEMORY: 2048M (128M default) 
MEMORY STACK: 4MB 

********************************************************************************
DATABASE:
********************************************************************************
BUILD MODE:   PHP(query limit - 100)
MYSQLTIMEOUT: 5000
MYSQLDUMP:    Is Supported 
TABLES: total:13 | filtered:0 | create:13 
FILTERED: [] 
SQL CREATED: 20170206_rccggap_58b10825db95b3170170225042925_database.sql 
SQL FILE SIZE: 1.18MB (1242325) 
SQL FILE TIME: 2017-02-25 04:29:51 
SQL RUNTIME: 0.74 sec. 

******************************************************************************** 
ARCHIVE (ZIP): 
******************************************************************************** 
ARCHIVE DIR:  /var/www/html/church 
ARCHIVE FILE: 20170206_rccggap_58b10825db95b3170170225042925_archive.zip 
FILTERS: *OFF* 
DIRS: not set 
EXTS:  not set 
---------------------------------------- 
COMPRESSING 
SIZE:	65.43MB 
STATS:	Dirs 776 | Files 4,468 
SQL ADDED: 20170206_rccggap_58b10825db95b3170170225042925_database.sql 
ZipArchive Object
(
    [status] => 0
    [statusSys] => 0
    [numFiles] => 5244
    [filename] => /var/www/html/church/wp-snapshots/tmp/20170206_rccggap_58b10825db95b3170170225042925_archive.zip
    [comment] => 
)
 
COMPRESSION RESULT: '1' 
COMPRESSED SIZE: 30.64MB 
ARCHIVE RUNTIME: 49.88 sec. 
MEMORY STACK: 5.5MB 

******************************************************************************** 
MAKE INSTALLER: 
******************************************************************************** 
Build Start 
Build Finished 
Preping for use 
Template parsed with new data 
Complete [/var/www/html/church/wp-snapshots/tmp/20170206_rccggap_58b10825db95b3170170225042925_installer.php] 
Added to archive 

******************************************************************************** 
INTEGRITY CHECKS: 
******************************************************************************** 
SQL File: 1.18MB 
Installer File: 382.98KB 
Archive File: 30.64MB  

********************************************************************************
RECORD ID:[3]
TOTAL PROCESS RUNTIME: 53.47 sec.
PEAK PHP MEMORY USED: 7.5MB
DONE PROCESSING => 20170206_rccggap 2017-02-25 04:30:44
 
