********************************************************************************
PACKAGE-LOG: 2017-02-06 11:05:38
NOTICE: Do NOT post to public sites or forums 
********************************************************************************
VERSION:	1.1.0
WORDPRESS:	4.4.7
PHP INFO:	5.6.4-4ubuntu6.3 | SAPI: apache2handler
SERVER:		Apache/2.4.10 (Ubuntu) 
PHP TIME LIMIT: (0) no time limit imposed 
PHP MAX MEMORY: 5000M (128M default) 
MEMORY STACK: 4MB 

********************************************************************************
DATABASE:
********************************************************************************
BUILD MODE:   PHP(query limit - 100)
MYSQLTIMEOUT: 5000
MYSQLDUMP:    Is Supported 
TABLES: total:13 | filtered:0 | create:13 
FILTERED: [] 
SQL CREATED: 20170206_rccggap_58985853a49fb9349170206110451_database.sql 
SQL FILE SIZE: 1.14MB (1193682) 
SQL FILE TIME: 2017-02-06 11:05:39 
SQL RUNTIME: 0.54 sec. 

******************************************************************************** 
ARCHIVE (ZIP): 
******************************************************************************** 
ARCHIVE DIR:  /var/www/html/church 
ARCHIVE FILE: 20170206_rccggap_58985853a49fb9349170206110451_archive.zip 
FILTERS: *OFF* 
DIRS:  not set 
EXTS:  not set 
---------------------------------------- 
COMPRESSING 
SIZE:	70.07MB 
STATS:	Dirs 772 | Files 4,478 
SQL ADDED: 20170206_rccggap_58985853a49fb9349170206110451_database.sql 
ZipArchive Object
(
    [status] => 0
    [statusSys] => 0
    [numFiles] => 5250
    [filename] => /var/www/html/church/wp-snapshots/tmp/20170206_rccggap_58985853a49fb9349170206110451_archive.zip
    [comment] => 
)
 
COMPRESSION RESULT: '1' 
COMPRESSED SIZE: 35.07MB 
ARCHIVE RUNTIME: 53.63 sec. 
MEMORY STACK: 5.5MB 

******************************************************************************** 
MAKE INSTALLER: 
******************************************************************************** 
Build Start 
Build Finished 
Preping for use 
Template parsed with new data 
Complete [/var/www/html/church/wp-snapshots/tmp/20170206_rccggap_58985853a49fb9349170206110451_installer.php] 
Added to archive 

******************************************************************************** 
INTEGRITY CHECKS: 
******************************************************************************** 
SQL File: 1.14MB 
Installer File: 318.83KB 
Archive File: 35.07MB  

********************************************************************************
RECORD ID:[1]
TOTAL PROCESS RUNTIME: 55.29 sec.
PEAK PHP MEMORY USED: 7.5MB
DONE PROCESSING => 20170206_rccggap 2017-02-06 11:06:33
 
